<?xml version="1.0" encoding="UTF-8"?>
<!-- Generated by org.testng.reporters.JUnitXMLReporter -->
<testsuite ignored="0" hostname="Saravanan" failures="1" tests="5" name="Test" time="79.287" errors="0" timestamp="2026-01-03T22:25:05 IST">
  <testcase classname="com.amazon.framework.testcases.TC002" name="invalidPasswordTest" time="4.695"/>
  <testcase classname="com.amazon.framework.testcases.TC003" name="invalidUserIdTest" time="3.075"/>
  <testcase classname="com.amazon.framework.testcases.TC004" name="emptyUserIdTest" time="1.512"/>
  <testcase classname="com.amazon.framework.testcases.TC005" name="emptyPasswordTest" time="3.46"/>
  <testcase classname="com.amazon.framework.testcases.TC006" name="passwordMaskTest" time="3.132">
    <failure type="java.lang.NullPointerException" message="Cannot invoke &amp;quot;org.openqa.selenium.WebElement.clear()&amp;quot; because &amp;quot;element&amp;quot; is null">
      <![CDATA[java.lang.NullPointerException: Cannot invoke "org.openqa.selenium.WebElement.clear()" because "element" is null
at com.amazon.framework.seleniumbase.SeleniumBase.type(SeleniumBase.java:281)
at com.amazon.framework.pages.SigninPage.enterPassword(SigninPage.java:51)
at com.amazon.framework.testcases.TC006.passwordMaskTest(TC006.java:19)
at java.base/java.util.ArrayList.forEach(ArrayList.java:1596)
... Removed 25 stack frames]]>
    </failure>
  </testcase> <!-- passwordMaskTest -->
</testsuite> <!-- Test -->
