<?xml version="1.0" encoding="UTF-8"?>
<!-- Generated by org.testng.reporters.JUnitXMLReporter -->
<testsuite ignored="0" hostname="Saravanan" failures="0" tests="6" name="Test" time="107.897" errors="0" timestamp="2026-01-03T18:56:43 IST">
  <testcase classname="com.amazon.framework.testcases.TC001" name="validLoginTest" time="11.722"/>
  <testcase classname="com.amazon.framework.testcases.TC002" name="invalidPasswordTest" time="5.367"/>
  <testcase classname="com.amazon.framework.testcases.TC003" name="invalidUserIdTest" time="3.239"/>
  <testcase classname="com.amazon.framework.testcases.TC004" name="emptyUserIdTest" time="1.623"/>
  <testcase classname="com.amazon.framework.testcases.TC005" name="emptyPasswordTest" time="3.395"/>
  <testcase classname="com.amazon.framework.testcases.TC006" name="passwordMaskTest" time="3.981"/>
</testsuite> <!-- Test -->
