<?xml version="1.0" encoding="UTF-8"?>
<!-- Generated by org.testng.reporters.JUnitXMLReporter -->
<testsuite ignored="0" hostname="Saravanan" failures="1" tests="2" name="Test" time="30.486" errors="0" timestamp="2025-12-02T22:49:59 IST">
  <testcase classname="com.amazon.framework.testcases.TC012" name="searchButtonTest" time="6.97">
    <failure type="java.lang.AssertionError" message="Majority of the products are not relevant to the entered keyword expected [true] but found [false]">
      <![CDATA[java.lang.AssertionError: Majority of the products are not relevant to the entered keyword expected [true] but found [false]
at com.amazon.framework.testcases.TC012.searchButtonTest(TC012.java:35)
at java.base/java.util.ArrayList.forEach(ArrayList.java:1596)
... Removed 28 stack frames]]>
    </failure>
  </testcase> <!-- searchButtonTest -->
  <testcase classname="com.amazon.framework.testcases.TC015" name="verifyBrandFilterOption" time="10.458"/>
</testsuite> <!-- Test -->
