<?xml version="1.0" encoding="UTF-8"?>
<!-- Generated by org.testng.reporters.JUnitXMLReporter -->
<testsuite ignored="0" hostname="Saravanan" failures="1" tests="1" name="Test" time="10.564" errors="0" timestamp="2025-12-01T21:55:30 IST">
  <testcase classname="com.amazon.framework.testcases.TC002" name="invalidPasswordTest" time="4.881">
    <failure type="java.lang.AssertionError" message="Expected to stay on SigninPage, but navigated to HomePage!">
      <![CDATA[java.lang.AssertionError: Expected to stay on SigninPage, but navigated to HomePage!
at com.amazon.framework.testcases.TC002.invalidPasswordTest(TC002.java:28)
at java.base/java.util.ArrayList.forEach(ArrayList.java:1596)
... Removed 26 stack frames]]>
    </failure>
  </testcase> <!-- invalidPasswordTest -->
</testsuite> <!-- Test -->
