<?xml version="1.0" encoding="UTF-8"?>
<testng-results ignored="0" total="2" passed="1" failed="1" skipped="0">
  <reporter-output>
  </reporter-output>
  <suite started-at="2025-12-01T19:49:07 IST" name="Suite" finished-at="2025-12-01T19:49:45 IST" duration-ms="38056">
    <groups>
    </groups>
    <test started-at="2025-12-01T19:49:07 IST" name="Test" finished-at="2025-12-01T19:49:45 IST" duration-ms="38056">
      <class name="com.amazon.framework.testcases.TC001">
        <test-method is-config="true" signature="startApp()[pri:0, instance:com.amazon.framework.testcases.TC001@6cf0e0ba]" started-at="2025-12-01T19:49:07 IST" name="startApp" finished-at="2025-12-01T19:49:28 IST" duration-ms="20657" status="PASS">
          <reporter-output>
          </reporter-output>
        </test-method> <!-- startApp -->
        <test-method signature="validLoginTest(java.lang.String,java.lang.String,java.lang.String)[pri:0, instance:com.amazon.framework.testcases.TC001@6cf0e0ba]" started-at="2025-12-01T19:49:28 IST" name="validLoginTest" finished-at="2025-12-01T19:49:45 IST" duration-ms="17004" status="FAIL">
          <params>
            <param index="0">
              <value>
                <![CDATA[s.r.saravanan777@gmail.com]]>
              </value>
            </param>
            <param index="1">
              <value>
                <![CDATA[8220515632]]>
              </value>
            </param>
            <param index="2">
              <value>
                <![CDATA[Sarav$10925]]>
              </value>
            </param>
          </params>
          <exception class="java.lang.NullPointerException">
            <message>
              <![CDATA[Cannot invoke "String.contains(java.lang.CharSequence)" because "message" is null]]>
            </message>
            <full-stacktrace>
              <![CDATA[java.lang.NullPointerException: Cannot invoke "String.contains(java.lang.CharSequence)" because "message" is null
at com.amazon.framework.testcases.TC001.validLoginTest(TC001.java:22)
at java.base/jdk.internal.reflect.DirectMethodHandleAccessor.invoke(DirectMethodHandleAccessor.java:103)
at java.base/java.lang.reflect.Method.invoke(Method.java:580)
at org.testng.internal.invokers.MethodInvocationHelper.invokeMethod(MethodInvocationHelper.java:141)
at org.testng.internal.invokers.TestInvoker.invokeMethod(TestInvoker.java:686)
at org.testng.internal.invokers.TestInvoker.invokeTestMethod(TestInvoker.java:230)
at org.testng.internal.invokers.MethodRunner.runInSequence(MethodRunner.java:63)
at org.testng.internal.invokers.TestInvoker$MethodInvocationAgent.invoke(TestInvoker.java:992)
at org.testng.internal.invokers.TestInvoker.invokeTestMethods(TestInvoker.java:203)
at org.testng.internal.invokers.TestMethodWorker.invokeTestMethods(TestMethodWorker.java:154)
at org.testng.internal.invokers.TestMethodWorker.run(TestMethodWorker.java:134)
at java.base/java.util.ArrayList.forEach(ArrayList.java:1596)
at org.testng.TestRunner.privateRun(TestRunner.java:739)
at org.testng.TestRunner.run(TestRunner.java:614)
at org.testng.SuiteRunner.runTest(SuiteRunner.java:421)
at org.testng.SuiteRunner.runSequentially(SuiteRunner.java:413)
at org.testng.SuiteRunner.privateRun(SuiteRunner.java:373)
at org.testng.SuiteRunner.run(SuiteRunner.java:312)
at org.testng.SuiteRunnerWorker.runSuite(SuiteRunnerWorker.java:52)
at org.testng.SuiteRunnerWorker.run(SuiteRunnerWorker.java:95)
at org.testng.TestNG.runSuitesSequentially(TestNG.java:1274)
at org.testng.TestNG.runSuitesLocally(TestNG.java:1208)
at org.testng.TestNG.runSuites(TestNG.java:1112)
at org.testng.TestNG.run(TestNG.java:1079)
at org.apache.maven.surefire.testng.TestNGExecutor.run(TestNGExecutor.java:308)
at org.apache.maven.surefire.testng.TestNGXmlTestSuite.execute(TestNGXmlTestSuite.java:71)
at org.apache.maven.surefire.testng.TestNGProvider.invoke(TestNGProvider.java:113)
at org.apache.maven.surefire.booter.ForkedBooter.runSuitesInProcess(ForkedBooter.java:385)
at org.apache.maven.surefire.booter.ForkedBooter.execute(ForkedBooter.java:162)
at org.apache.maven.surefire.booter.ForkedBooter.run(ForkedBooter.java:507)
at org.apache.maven.surefire.booter.ForkedBooter.main(ForkedBooter.java:495)
]]>
            </full-stacktrace>
          </exception> <!-- java.lang.NullPointerException -->
          <reporter-output>
          </reporter-output>
        </test-method> <!-- validLoginTest -->
        <test-method is-config="true" signature="tearDown()[pri:0, instance:com.amazon.framework.testcases.TC001@6cf0e0ba]" started-at="2025-12-01T19:49:45 IST" name="tearDown" finished-at="2025-12-01T19:49:45 IST" duration-ms="329" status="PASS">
          <reporter-output>
          </reporter-output>
        </test-method> <!-- tearDown -->
      </class> <!-- com.amazon.framework.testcases.TC001 -->
    </test> <!-- Test -->
  </suite> <!-- Suite -->
  <suite started-at="2025-12-01T19:49:45 IST" name="Suite (0)" finished-at="2025-12-01T19:50:16 IST" duration-ms="30627">
    <groups>
    </groups>
    <test started-at="2025-12-01T19:49:45 IST" name="Test" finished-at="2025-12-01T19:50:16 IST" duration-ms="30627">
      <class name="com.amazon.framework.testcases.TC015">
        <test-method is-config="true" signature="startApp()[pri:0, instance:com.amazon.framework.testcases.TC015@5aa9e4eb]" started-at="2025-12-01T19:49:45 IST" name="startApp" finished-at="2025-12-01T19:50:02 IST" duration-ms="17001" status="PASS">
          <reporter-output>
          </reporter-output>
        </test-method> <!-- startApp -->
        <test-method signature="verifyBrandFilterOption(java.lang.String,java.lang.String)[pri:0, instance:com.amazon.framework.testcases.TC015@5aa9e4eb]" started-at="2025-12-01T19:50:02 IST" name="verifyBrandFilterOption" finished-at="2025-12-01T19:50:16 IST" duration-ms="13305" status="PASS">
          <params>
            <param index="0">
              <value>
                <![CDATA[Laptop]]>
              </value>
            </param>
            <param index="1">
              <value>
                <![CDATA[HP]]>
              </value>
            </param>
          </params>
          <reporter-output>
          </reporter-output>
        </test-method> <!-- verifyBrandFilterOption -->
        <test-method is-config="true" signature="tearDown()[pri:0, instance:com.amazon.framework.testcases.TC015@5aa9e4eb]" started-at="2025-12-01T19:50:16 IST" name="tearDown" finished-at="2025-12-01T19:50:16 IST" duration-ms="318" status="PASS">
          <reporter-output>
          </reporter-output>
        </test-method> <!-- tearDown -->
      </class> <!-- com.amazon.framework.testcases.TC015 -->
    </test> <!-- Test -->
  </suite> <!-- Suite (0) -->
</testng-results>
