<?xml version="1.0" encoding="UTF-8"?>
<testng-results ignored="0" total="2" passed="2" failed="0" skipped="0">
  <reporter-output>
  </reporter-output>
  <suite started-at="2025-11-28T20:33:49 IST" name="Suite" finished-at="2025-11-28T20:34:16 IST" duration-ms="26424">
    <groups>
    </groups>
    <test started-at="2025-11-28T20:33:49 IST" name="Test" finished-at="2025-11-28T20:34:16 IST" duration-ms="26424">
      <class name="com.amazon.framework.testcases.TC001">
        <test-method is-config="true" signature="startApp()[pri:0, instance:com.amazon.framework.testcases.TC001@6cf0e0ba]" started-at="2025-11-28T20:33:50 IST" name="startApp" finished-at="2025-11-28T20:33:59 IST" duration-ms="9510" status="PASS">
          <reporter-output>
          </reporter-output>
        </test-method> <!-- startApp -->
        <test-method signature="validLoginTest(java.lang.String,java.lang.String,java.lang.String)[pri:0, instance:com.amazon.framework.testcases.TC001@6cf0e0ba]" started-at="2025-11-28T20:33:59 IST" name="validLoginTest" finished-at="2025-11-28T20:34:16 IST" duration-ms="16539" status="PASS">
          <params>
            <param index="0">
              <value>
                <![CDATA[s.r.saravanan777@gmail.com]]>
              </value>
            </param>
            <param index="1">
              <value>
                <![CDATA[8220515632]]>
              </value>
            </param>
            <param index="2">
              <value>
                <![CDATA[Sarav$10925]]>
              </value>
            </param>
          </params>
          <reporter-output>
          </reporter-output>
        </test-method> <!-- validLoginTest -->
        <test-method is-config="true" signature="tearDown()[pri:0, instance:com.amazon.framework.testcases.TC001@6cf0e0ba]" started-at="2025-11-28T20:34:16 IST" name="tearDown" finished-at="2025-11-28T20:34:16 IST" duration-ms="321" status="PASS">
          <reporter-output>
          </reporter-output>
        </test-method> <!-- tearDown -->
      </class> <!-- com.amazon.framework.testcases.TC001 -->
    </test> <!-- Test -->
  </suite> <!-- Suite -->
  <suite started-at="2025-11-28T20:34:16 IST" name="Suite (0)" finished-at="2025-11-28T20:34:28 IST" duration-ms="12512">
    <groups>
    </groups>
    <test started-at="2025-11-28T20:34:16 IST" name="Test" finished-at="2025-11-28T20:34:28 IST" duration-ms="12512">
      <class name="com.amazon.framework.testcases.TC015">
        <test-method is-config="true" signature="startApp()[pri:0, instance:com.amazon.framework.testcases.TC015@5aa9e4eb]" started-at="2025-11-28T20:34:16 IST" name="startApp" finished-at="2025-11-28T20:34:22 IST" duration-ms="5797" status="PASS">
          <reporter-output>
          </reporter-output>
        </test-method> <!-- startApp -->
        <test-method signature="verifyBrandFilterOption(java.lang.String,java.lang.String)[pri:0, instance:com.amazon.framework.testcases.TC015@5aa9e4eb]" started-at="2025-11-28T20:34:22 IST" name="verifyBrandFilterOption" finished-at="2025-11-28T20:34:28 IST" duration-ms="6455" status="PASS">
          <params>
            <param index="0">
              <value>
                <![CDATA[Laptop]]>
              </value>
            </param>
            <param index="1">
              <value>
                <![CDATA[HP]]>
              </value>
            </param>
          </params>
          <reporter-output>
          </reporter-output>
        </test-method> <!-- verifyBrandFilterOption -->
        <test-method is-config="true" signature="tearDown()[pri:0, instance:com.amazon.framework.testcases.TC015@5aa9e4eb]" started-at="2025-11-28T20:34:28 IST" name="tearDown" finished-at="2025-11-28T20:34:28 IST" duration-ms="257" status="PASS">
          <reporter-output>
          </reporter-output>
        </test-method> <!-- tearDown -->
      </class> <!-- com.amazon.framework.testcases.TC015 -->
    </test> <!-- Test -->
  </suite> <!-- Suite (0) -->
</testng-results>
