<?xml version="1.0" encoding="UTF-8"?>
<testng-results ignored="0" total="1" passed="1" failed="0" skipped="0">
  <reporter-output>
  </reporter-output>
  <suite started-at="2025-12-01T21:00:32 IST" name="Suite" finished-at="2025-12-01T21:01:10 IST" duration-ms="37872">
    <groups>
    </groups>
    <test started-at="2025-12-01T21:00:32 IST" name="Test" finished-at="2025-12-01T21:01:10 IST" duration-ms="37872">
      <class name="com.amazon.framework.testcases.TC001">
        <test-method is-config="true" signature="startApp()[pri:0, instance:com.amazon.framework.testcases.TC001@24aed80c]" started-at="2025-12-01T21:00:32 IST" name="startApp" finished-at="2025-12-01T21:00:51 IST" duration-ms="19636" status="PASS">
          <reporter-output>
          </reporter-output>
        </test-method> <!-- startApp -->
        <test-method signature="validLoginTest(java.lang.String,java.lang.String)[pri:0, instance:com.amazon.framework.testcases.TC001@24aed80c]" started-at="2025-12-01T21:00:51 IST" name="validLoginTest" finished-at="2025-12-01T21:01:10 IST" duration-ms="18191" status="PASS">
          <params>
            <param index="0">
              <value>
                <![CDATA[s.r.saravanan777@gmail.com]]>
              </value>
            </param>
            <param index="1">
              <value>
                <![CDATA[Sarav$10925]]>
              </value>
            </param>
          </params>
          <reporter-output>
          </reporter-output>
        </test-method> <!-- validLoginTest -->
      </class> <!-- com.amazon.framework.testcases.TC001 -->
    </test> <!-- Test -->
  </suite> <!-- Suite -->
</testng-results>
