<?xml version="1.0" encoding="UTF-8"?>
<testng-results ignored="0" total="1" passed="1" failed="0" skipped="0">
  <reporter-output>
  </reporter-output>
  <suite started-at="2025-12-03T18:36:59 IST" name="Suite" finished-at="2025-12-03T18:37:15 IST" duration-ms="15612">
    <groups>
    </groups>
    <test started-at="2025-12-03T18:36:59 IST" name="Test" finished-at="2025-12-03T18:37:15 IST" duration-ms="15612">
      <class name="com.amazon.framework.testcases.TC004">
        <test-method is-config="true" signature="startApp()[pri:0, instance:com.amazon.framework.testcases.TC004@5dda768f]" started-at="2025-12-03T18:36:59 IST" name="startApp" finished-at="2025-12-03T18:37:13 IST" duration-ms="13671" status="PASS">
          <reporter-output>
          </reporter-output>
        </test-method> <!-- startApp -->
        <test-method signature="emptyUserIdTest()[pri:0, instance:com.amazon.framework.testcases.TC004@5dda768f]" started-at="2025-12-03T18:37:13 IST" name="emptyUserIdTest" finished-at="2025-12-03T18:37:15 IST" duration-ms="1876" status="PASS">
          <reporter-output>
          </reporter-output>
        </test-method> <!-- emptyUserIdTest -->
      </class> <!-- com.amazon.framework.testcases.TC004 -->
    </test> <!-- Test -->
  </suite> <!-- Suite -->
</testng-results>
