<?xml version="1.0" encoding="UTF-8"?>
<testng-results ignored="0" total="1" passed="1" failed="0" skipped="0">
  <reporter-output>
  </reporter-output>
  <suite started-at="2025-12-01T20:09:19 IST" name="Suite" finished-at="2025-12-01T20:09:59 IST" duration-ms="40424">
    <groups>
    </groups>
    <test started-at="2025-12-01T20:09:19 IST" name="Test" finished-at="2025-12-01T20:09:59 IST" duration-ms="40424">
      <class name="com.amazon.framework.testcases.TC006">
        <test-method is-config="true" signature="startApp()[pri:0, instance:com.amazon.framework.testcases.TC006@2a5c8d3f]" started-at="2025-12-01T20:09:19 IST" name="startApp" finished-at="2025-12-01T20:09:52 IST" duration-ms="33717" status="PASS">
          <reporter-output>
          </reporter-output>
        </test-method> <!-- startApp -->
        <test-method signature="passwordMaskTest(java.lang.String,java.lang.String)[pri:0, instance:com.amazon.framework.testcases.TC006@2a5c8d3f]" started-at="2025-12-01T20:09:52 IST" name="passwordMaskTest" finished-at="2025-12-01T20:09:59 IST" duration-ms="6223" status="PASS">
          <params>
            <param index="0">
              <value>
                <![CDATA[s.r.saravanan777@gmail.com]]>
              </value>
            </param>
            <param index="1">
              <value>
                <![CDATA[Sarav$10925]]>
              </value>
            </param>
          </params>
          <reporter-output>
          </reporter-output>
        </test-method> <!-- passwordMaskTest -->
        <test-method is-config="true" signature="tearDown()[pri:0, instance:com.amazon.framework.testcases.TC006@2a5c8d3f]" started-at="2025-12-01T20:09:59 IST" name="tearDown" finished-at="2025-12-01T20:09:59 IST" duration-ms="424" status="PASS">
          <reporter-output>
          </reporter-output>
        </test-method> <!-- tearDown -->
      </class> <!-- com.amazon.framework.testcases.TC006 -->
    </test> <!-- Test -->
  </suite> <!-- Suite -->
</testng-results>
