<?xml version="1.0" encoding="UTF-8"?>
<testng-results ignored="0" total="1" passed="1" failed="0" skipped="0">
  <reporter-output>
  </reporter-output>
  <suite started-at="2025-12-02T18:34:50 IST" name="Suite" finished-at="2025-12-02T18:35:21 IST" duration-ms="31849">
    <groups>
    </groups>
    <test started-at="2025-12-02T18:34:50 IST" name="Test" finished-at="2025-12-02T18:35:21 IST" duration-ms="31849">
      <class name="com.amazon.framework.testcases.TC001">
        <test-method is-config="true" signature="startApp()[pri:0, instance:com.amazon.framework.testcases.TC001@2a5c8d3f]" started-at="2025-12-02T18:34:50 IST" name="startApp" finished-at="2025-12-02T18:34:59 IST" duration-ms="9698" status="PASS">
          <reporter-output>
          </reporter-output>
        </test-method> <!-- startApp -->
        <test-method signature="validLoginTest(java.lang.String,java.lang.String)[pri:0, instance:com.amazon.framework.testcases.TC001@2a5c8d3f]" started-at="2025-12-02T18:34:59 IST" name="validLoginTest" finished-at="2025-12-02T18:35:21 IST" duration-ms="21822" status="PASS">
          <params>
            <param index="0">
              <value>
                <![CDATA[s.r.saravanan777@gmail.com]]>
              </value>
            </param>
            <param index="1">
              <value>
                <![CDATA[Sarav$10925]]>
              </value>
            </param>
          </params>
          <reporter-output>
          </reporter-output>
        </test-method> <!-- validLoginTest -->
        <test-method is-config="true" signature="tearDown()[pri:0, instance:com.amazon.framework.testcases.TC001@2a5c8d3f]" started-at="2025-12-02T18:35:21 IST" name="tearDown" finished-at="2025-12-02T18:35:21 IST" duration-ms="268" status="PASS">
          <reporter-output>
          </reporter-output>
        </test-method> <!-- tearDown -->
      </class> <!-- com.amazon.framework.testcases.TC001 -->
    </test> <!-- Test -->
  </suite> <!-- Suite -->
</testng-results>
